         w __deregister_frame_info
         w __register_frame_info
         w _ITM_deregisterTMCloneTable
         w _ITM_registerTMCloneTable
         w _Jv_RegisterClasses
00000000 b .LANCHOR1
00000000 b _TLS_MODULE_BASE_
00000000 a shift
00000000 a shift
00000000 00002000 b tmp_buffer.6528
00001ff8 b .LANCHOR2
00002000 00000401 b __fixedpath
00002404 00000802 b __utf16path
00002c08 00000802 b __utf16path_old.6599
00100000 T __start__
00100000 T _start
00100008 T __service_ptr
0010000c T __apt_appid
00100010 T __heap_size
00100014 T __linear_heap_size
00100018 T __system_arglist
0010001c T __system_runflags
00100020 t startup
00100058 t ClearMem
0010006c t ClrLoop
00100094 T _init
001000ac t deregister_tm_clones
001000dc t register_tm_clones
00100114 t __do_global_dtors_aux
00100158 t frame_dummy
001001b4 T initSystem
001001f8 T __ctru_exit
00100218 t .udivsi3_skip_div0_test
00100218 T __aeabi_uidiv
00100218 000001ec T __udivsi3
00100404 00000020 T __aeabi_uidivmod
00100424 T __aeabi_idiv
00100424 00000220 T __divsi3
0010042c t .divsi3_skip_div0_test
00100644 00000020 T __aeabi_idivmod
00100664 00000004 W __aeabi_idiv0
00100664 00000004 W __aeabi_ldiv0
00100668 T __aeabi_uldivmod
001006a4 00000128 T __udivmoddi4
001007e8 00000390 T strcmp
00100b80 00000008 t null_write
00100b88 00000018 T setDefaultDevice
00100ba0 000000bc T FindDevice
00100c5c 0000002c T RemoveDevice
00100c88 00000098 T AddDevice
00100d20 00000024 T GetDeviceOpTab
00100d44 0000007c T _close_r
00100dc0 0000006c T _fstat_r
00100e2c 0000002c T _gettimeofday_r
00100e58 00000008 T _isatty_r
00100e60 00000078 T _lseek_r
00100ed8 000000c8 T _open_r
00100fa0 00000078 T _read_r
00101018 00000070 T _sbrk_r
00101088 00000078 T _write_r
00101100 000001bc T _concatenate_path
001012bc 00000154 T chdir
00101410 000000a0 T getcwd
001014b0 00000008 T __flockfile
001014b8 00000008 T __funlockfile
001014c0 00000018 T __libc_lock_init
001014d8 00000018 T __libc_lock_acquire
001014f0 00000024 T __libc_lock_try_acquire
00101514 00000018 T __libc_lock_release
0010152c 00000018 T __libc_lock_close
00101544 00000018 T __libc_lock_init_recursive
0010155c 00000018 T __libc_lock_acquire_recursive
00101574 00000024 T __libc_lock_try_acquire_recursive
00101598 00000018 T __libc_lock_release_recursive
001015b0 00000018 T __libc_lock_close_recursive
001015c8 00000044 T __free_handle
0010160c 0000003c T __release_handle
00101648 00000078 T __alloc_handle
001016c0 0000001c T __get_handle
001016dc 000000a4 T dup
00101780 0000010c T dup2
0010188c 00000028 T __getreent
001018b4 000000d8 T audioPlay
0010198c 00000038 t setBitOfReversedStream
001019c4 000000a0 t checkColorValidity
00101a64 0000004c t addColorBits
00101ab0 00000060 t color_tree_get
00101b10 000003a0 t getPixelColorRGBA8
00101eb0 00000578 t getPixelColorsRGBA8
00102428 000001b0 t getPixelColorRGBA16
001025d8 000001ac t Adam7_getpassvalues
00102784 000003ac t unfilter
00102b30 00000090 t removePaddingBits
00102bc0 000000b4 t color_tree_add
00102c74 00000024 t HuffmanTree_cleanup
00102c98 00000060 t LodePNGText_cleanup
00102cf8 00000090 t LodePNGIText_cleanup
00102d88 00000030 t color_tree_cleanup
00102db8 00000060 t string_set
00102e18 000000d0 t lodepng_color_mode_equal
00102ee8 0000005c t ucvector_reserve.isra.7
00102ee8 0000005c t uivector_reserve.isra.10
00102f44 00000038 t ucvector_push_back
00102f7c 00000058 t uivector_resizev.constprop.22
00102fd4 0000034c t HuffmanTree_makeFromLengths2
00103320 0000006c t HuffmanTree_makeFromLengths
0010338c 000000a4 t generateFixedLitLenTree
00103430 00000060 t generateFixedDistanceTree
00103490 00000b20 t lodepng_inflatev.isra.12
00103fb0 000001b4 T lodepng_zlib_decompress
00104164 0000002c t zlib_decompress
00104190 0000006c T lodepng_chunk_type_equals
001041fc 000000a4 T lodepng_chunk_check_crc
001042a0 000000b0 T lodepng_chunk_append
00104350 000000ac T lodepng_color_mode_copy
001043fc 00000104 T lodepng_add_text
00104500 000001f4 T lodepng_add_itext
001046f4 0000008c T lodepng_info_init
00104780 00000050 T lodepng_info_cleanup
001047d0 000004f8 T lodepng_convert
00104cc8 00000254 T lodepng_inspect
00104f1c 0000174c t decodeGeneric
00106668 0000013c T lodepng_decode
001067a4 000000b8 T lodepng_state_init
0010685c 00000030 T lodepng_state_cleanup
0010688c 00000068 T lodepng_decode_memory
001068f4 00000028 T lodepng_decode32
0010691c 00000174 T drawSprite
00106a90 0000041c T main
00106eac 00000154 T mainMenu
00107000 000001b4 T Move
001071b4 00000004 T PlayerInit
001071b8 00000040 T Stats
001071f8 00000054 T StTime
0010724c 0000008c T UpTime
001072d8 00000028 T AttrInfo_Init
00107300 000000a4 T AttrInfo_AddLoader
001073a4 00000024 T C3D_GetAttrInfo
001073c8 00000080 T C3Di_AttrInfoBind
00107448 00000088 t C3Di_AptEventHook
001074d0 00000168 T C3D_Init
00107638 00000098 T C3D_SetViewport
001076d0 00000580 T C3Di_UpdateContext
00107c50 000000e0 T C3Di_FinalizeFrame
00107d30 00000048 T C3D_Fini
00107d78 000000d4 T C3D_BindProgram
00107e4c 00000020 T BufInfo_Init
00107e6c 00000024 T C3D_GetBufInfo
00107e90 00000048 T C3Di_BufInfoBind
00107ed8 0000003c T C3D_DepthMap
00107f14 0000001c T C3D_CullFace
00107f30 0000003c T C3D_StencilTest
00107f6c 00000024 T C3D_StencilOp
00107f90 0000001c T C3D_BlendingColor
00107fac 00000028 T C3D_DepthTest
00107fd4 00000028 T C3D_AlphaTest
00107ffc 00000050 T C3D_AlphaBlend
0010804c 00000030 T C3D_FragOpMode
0010807c 0000011c T C3Di_EffectBind
00108198 000000b8 T C3D_ImmDrawBegin
00108250 000000b4 T C3D_ImmSendAttrib
00108304 00000074 T C3D_ImmDrawEnd
00108378 000000a4 T C3D_RenderBufInit
0010841c 00000080 T C3D_RenderBufClearAsync
0010849c 00000028 T C3D_RenderBufTransferAsync
001084c4 00000038 T C3D_RenderBufBind
001084fc 00000168 T C3Di_RenderBufBind
00108664 00000018 T C3D_RenderBufDelete
0010867c 00000040 t C3Di_RenderQueueWaitDone
001086bc 00000078 t performTransfer.part.0
00108734 00000050 t transferTarget
00108784 00000024 t onVBlank1
001087a8 0000008c t onVBlank0
00108834 0000003c t performClear.part.2
00108870 0000004c t clearTarget
001088bc 000000c0 t updateFrameQueue.part.4
0010897c 000000e0 t onRenderFinish
00108a5c 00000018 t onClearDone.part.6
00108a5c 00000018 t onTransferFinish.part.5
00108a74 000000b0 t onTransferFinish
00108b24 00000064 t onClearDone
00108b88 0000005c t checkRenderQueueInit.part.7
00108be4 00000064 T C3D_FrameBegin
00108c48 00000078 T C3D_FrameDrawOn
00108cc0 000000d0 T C3D_FrameEnd
00108d90 000000e0 T C3D_RenderTargetCreate
00108e70 0000007c T C3D_RenderTargetDelete
00108eec 00000084 t C3Di_RenderQueueExit
00108f70 00000050 T C3D_RenderTargetSetClear
00108fc0 00000058 T C3D_RenderTargetSetOutput
00109018 00000088 T C3D_SafeDisplayTransfer
001090a0 00000034 T TexEnv_Init
001090d4 00000034 T C3D_GetTexEnv
00109108 00000024 T C3Di_TexEnvBind
0010912c 000000b8 T C3D_TexInit
001091e4 000000b8 T C3D_TexInitVRAM
0010929c 00000024 T C3D_TexSetFilter
001092c0 00000034 T C3D_TexBind
001092f4 0000003c T C3D_TexDelete
00109330 000002ac T C3D_UpdateUniforms
001095dc 000000c0 T C3Di_DirtyUniforms
0010969c 000000e4 T C3Di_LoadShaderUniforms
00109780 00000028 T C3Di_ClearShaderUniforms
001097a8 000000c8 T Mtx_OrthoTilt
00109870 00000024 t addrMapNodeComparator(rbtree_node const*, rbtree_node const*)
00109894 00000004 t addrMapNodeDestructor(rbtree_node*)
00109898 00000140 T linearMemAlign
001099d8 00000008 T linearAlloc
001099e0 00000050 T linearFree
00109a30 000000a0 T MemPool::CoalesceRight(MemBlock*)
00109ad0 0000018c T MemPool::Allocate(MemChunk&, unsigned long, int)
00109c5c 00000104 T MemPool::Deallocate(MemChunk const&)
00109d60 00000024 t addrMapNodeComparator(rbtree_node const*, rbtree_node const*)
00109d84 00000004 t addrMapNodeDestructor(rbtree_node*)
00109d88 00000130 T vramMemAlign
00109eb8 00000008 T vramAlloc
00109ec0 00000050 T vramFree
00109f10 0000001c T debug_write
00109f2c 000001ac T consoleDrawChar
0010a0d8 00000128 T consolePrintChar
0010a200 00000184 t consoleCls
0010a384 000000f8 T consoleInit
0010a47c 00000138 t consoleClearLine
0010a5b4 000000c0 t newRow
0010a674 0000086c T con_write
0010aee0 0000000c T consoleClear
0010aeec 0000008c t gfxSetFramebufferInfo.part.0
0010af78 00000010 T gfxIs3D
0010af88 00000018 T gfxSetScreenFormat
0010afa0 00000014 T gfxSetDoubleBuffering
0010afb4 00000070 T gfxSetFramebufferInfo
0010b024 00000088 T gfxWriteFramebufferInfo
0010b0ac 000001d0 T gfxInit
0010b27c 00000010 T gfxInitDefault
0010b28c 000000e0 T gfxExit
0010b36c 000000b0 T gfxGetFramebuffer
0010b41c 000000cc T gfxFlushBuffers
0010b4e8 00000070 T gfxConfigScreen
0010b558 00000020 T gfxSwapBuffersGpu
0010b578 00000058 t getSysTime
0010b5d0 0000004c T osConvertVirtToPhys
0010b61c 00000024 T osGetMemRegionUsed
0010b640 000000f4 T __libctru_gtod
0010b738 00000034 T __ctru_speedup_config
0010b76c 00000050 T srvExit
0010b7bc 00000038 T srvRegisterClient
0010b7f4 00000070 T srvInit
0010b864 00000068 T srvGetServiceHandleDirect
0010b8cc 00000038 T srvGetServiceHandle
0010b904 0000002c T GPUCMD_SetBuffer
0010b930 00000040 T GPUCMD_GetBuffer
0010b970 000000e4 T GPUCMD_Add
0010ba54 00000098 T GPUCMD_Finalize
0010baec 00000040 T f32tof24
0010bb2c 00000040 T f32tof31
0010bb6c 00000054 T GX_ProcessCommandList
0010bbc0 00000060 T GX_MemoryFill
0010bc20 00000050 T GX_DisplayTransfer
0010bc70 00000054 T GX_FlushCacheRegions
0010bcc4 00000048 t GPU_SetShaderOutmap
0010bd0c 000000b8 t GPU_SendShaderCode.constprop.0
0010bdc4 00000070 t GPU_SendOperandDescriptors.constprop.1
0010be34 0000023c T shaderInstanceInit
0010c070 00000038 T shaderInstanceFree
0010c0a8 00000018 T shaderInstanceGetUniformLocation
0010c0c0 00000018 T shaderProgramInit
0010c0d8 00000030 T shaderProgramFree
0010c108 0000006c T shaderProgramSetVsh
0010c174 00000340 T shaderProgramConfigure
0010c4b4 0000003c T DVLB_Free
0010c4f0 00000080 T DVLE_GetUniformRegister
0010c570 00000198 T DVLE_GenerateOutmap
0010c708 00000198 T DVLB_ParseFile
0010c8a0 00000068 t __apt_initservicehandle
0010c908 00000004 W _aptDebug
0010c90c 00000028 T aptWaitStatusEvent
0010c934 00000034 T aptHook
0010c968 0000002c T aptUnhook
0010c994 0000006c T aptSetStatus
0010ca00 00000048 T APT_GetLockHandle
0010ca48 00000060 T APT_Initialize
0010caa8 00000034 T APT_Finalize
0010cadc 00000048 T APT_InquireNotification
0010cb24 00000034 T APT_PrepareToJumpToApplication
0010cb58 00000050 T APT_JumpToApplication
0010cba8 0000007c T APT_AppletUtility
0010cc24 00000188 T aptAppletUtility_Exit_RetToApp
0010cdac 00000114 t aptAppStarted
0010cec0 00000298 T aptInit
0010d158 0000006c T APT_ReceiveParameter
0010d1c4 00000038 T APT_ReplySleepQuery
0010d1fc 00000034 T APT_ReplySleepNotificationComplete
0010d230 000003f4 T aptEventHandler
0010d624 00000034 T APT_PrepareToCloseApplication
0010d658 00000050 T APT_CloseApplication
0010d6a8 000002d0 T aptExit
0010d978 0000006c T APT_CheckNew3DS_System
0010d9e4 0000008c T APT_CheckNew3DS
0010da70 000001c4 T csndInit
0010dc34 00000094 T csndExit
0010dcc8 000000c8 T csndAddCmd
0010dd90 000000a8 T csndExecCmds
0010de38 00000268 T csndPlaySound
0010e0a0 00000124 t gspEventThreadMain
0010e1c4 00000074 T gspInit
0010e238 0000003c T gspExit
0010e274 00000034 T gspSetEventCallback
0010e2a8 000000d0 T gspInitEventHandler
0010e378 0000005c T gspExitEventHandler
0010e3d4 00000058 T gspWaitForEvent
0010e42c 00000058 T gspWaitForAnyEvent
0010e484 00000128 T gspSubmitGxCommand
0010e5ac 0000006c T GSPGPU_SetBufferSwap
0010e618 0000004c T GSPGPU_FlushDataCache
0010e664 00000034 T GSPGPU_SetLcdForceBlack
0010e698 00000064 T GSPGPU_RegisterInterruptRelayQueue
0010e6fc 0000002c T GSPGPU_UnregisterInterruptRelayQueue
0010e728 00000048 T GSPGPU_AcquireRight
0010e770 0000002c T GSPGPU_ReleaseRight
0010e79c 0000002c T GSPGPU_RestoreVramSysArea
0010e7c8 000000d8 T hidExit
0010e8a0 00000238 T hidScanInput
0010ead8 00000010 T hidKeysHeld
0010eae8 00000010 T hidKeysDown
0010eaf8 00000090 T HIDUSER_GetHandles
0010eb88 00000184 T hidInit
0010ed0c 000000b0 T irrstScanInput
0010edbc 0000001c T irrstKeysHeld
0010edd8 00000050 T IRRST_GetHandles
0010ee28 00000148 T irrstInit
0010ef70 0000002c T IRRST_Shutdown
0010ef9c 000000b0 T irrstExit
0010f04c 00000070 T ptmSysmInit
0010f0bc 00000034 T ptmSysmExit
0010f0f0 00000034 T PTMSYSM_ConfigureNew3DSCPU
0010f124 00000070 T rbtree_find
0010f194 00000014 T rbtree_init
0010f1a8 000001d4 t do_insert
0010f37c 00000008 T rbtree_insert
0010f384 0000035c T rbtree_remove
0010f6e0 000000ac T rbtree_rotate
0010f78c 00000058 t osGetMemRegionSize
0010f7e4 00000124 W __system_allocateHeaps
0010f908 000000f4 T __system_initArgv
0010f9fc 00000038 W __libctru_init
0010fa34 00000030 t __ctru_get_reent
0010fa64 000000e8 T __system_initSyscalls
0010fb4c T svcControlMemory
0010fb6c T svcExitProcess
0010fb74 T svcCreateThread
0010fb94 T svcExitThread
0010fb9c T svcReleaseMutex
0010fba4 T svcCreateEvent
0010fbb8 T svcSignalEvent
0010fbc0 T svcClearEvent
0010fbc8 T svcMapMemoryBlock
0010fbd0 T svcUnmapMemoryBlock
0010fbd8 T svcCreateAddressArbiter
0010fbec T svcArbitrateAddress
0010fc04 T svcCloseHandle
0010fc0c T svcWaitSynchronization
0010fc14 T svcWaitSynchronizationN
0010fc3c T svcDuplicateHandle
0010fc50 T svcGetSystemTick
0010fc58 T svcGetSystemInfo
0010fc70 T svcConnectToPort
0010fc84 T svcSendSyncRequest
0010fc8c T svcBreak
0010fc94 T svcOutputDebugString
0010fc9c 00000024 t addrMapNodeComparator(rbtree_node const*, rbtree_node const*)
0010fcc0 00000004 t addrMapNodeDestructor(rbtree_node*)
0010fcc4 000000f4 T mappableAlloc
0010fdb8 00000050 T mappableFree
0010fe08 00000094 T envGetHandle
0010fe9c 0000004c T envDestroyHandles
0010fee8 00000034 t LightLock_Unlock.part.1
0010ff1c 0000000c T __sync_init
0010ff28 00000018 T __sync_fini
0010ff40 00000018 T LightLock_Init
0010ff58 00000094 T LightLock_Lock
0010ffec 00000034 T LightLock_TryLock
00110020 00000020 T LightLock_Unlock
00110040 00000024 T RecursiveLock_Init
00110064 00000030 T RecursiveLock_Lock
00110094 00000058 T RecursiveLock_TryLock
001100ec 00000038 T RecursiveLock_Unlock
00110124 000001c8 T threadCreate
001102ec 00000024 T threadJoin
00110310 0000006c T threadExit
0011037c 0000003c t _thread_begin
001103b8 0000008c T rbtree_node_next
00110444 0000001c W __appExit
00110460 0000001c W __appInit
0011047c 000000a4 W __libctru_exit
00110520 00000010 t sdmc_link
00110530 00000010 t sdmc_dirreset
00110540 00000010 t sdmc_chmod
00110550 00000010 t sdmc_fchmod
00110560 00000024 t error_cmp
00110584 00000050 t sdmc_translate_error
001105d4 00000034 t sdmc_fsync
00110608 00000054 t sdmc_ftruncate
0011065c 000000ac t sdmc_statvfs
00110708 00000038 t sdmc_dirclose
00110740 000000e0 t sdmc_dirnext
00110820 00000034 t sdmc_close
00110854 00000074 t sdmc_fstat
001108c8 000000c0 t sdmc_seek
00110988 0000008c t sdmc_read
00110a14 00000108 t sdmc_write
00110b1c 000001b4 t sdmc_utf16path
00110cd0 00000080 t sdmc_rmdir
00110d50 0000009c t sdmc_diropen
00110dec 000000a8 t sdmc_chdir
00110e94 00000084 t sdmc_mkdir
00110f18 00000138 t sdmc_rename
00111050 00000080 t sdmc_unlink
001110d0 00000120 t sdmc_stat
001111f0 000001ac t sdmc_open
0011139c 00000134 T sdmcInit
001114d0 00000050 T sdmcExit
00111520 000000c8 T fsInit
001115e8 00000034 T fsExit
0011161c 000000dc T FSUSER_OpenFile
001116f8 000000b8 T FSUSER_DeleteFile
001117b0 000000f4 T FSUSER_RenameFile
001118a4 000000b8 T FSUSER_DeleteDirectory
0011195c 000000d0 T FSUSER_CreateFile
00111a2c 000000c0 T FSUSER_CreateDirectory
00111aec 000000f4 T FSUSER_RenameDirectory
00111be0 000000c4 T FSUSER_OpenDirectory
00111ca4 000000bc T FSUSER_OpenArchive
00111d60 00000088 T FSUSER_CloseArchive
00111de8 0000008c T FSUSER_GetSdmcArchiveResource
00111e74 00000064 T FSUSER_IsSdmcWritable
00111ed8 0000005c T FSFILE_Read
00111f34 00000064 T FSFILE_Write
00111f98 0000003c T FSFILE_GetSize
00111fd4 0000002c T FSFILE_SetSize
00112000 0000003c T FSFILE_Close
0011203c 00000024 T FSFILE_Flush
00112060 00000054 T FSDIR_Read
001120b4 0000003c T FSDIR_Close
001120f0 00000138 T decode_utf8
00112228 000000e4 T utf16_to_utf8
0011230c 000000bc T utf8_to_utf16
001123c8 T __aeabi_read_tp
001123d4 00000060 T decode_utf16
00112434 00000068 T encode_utf16
0011249c 00000104 T encode_utf8
001125a0 00000078 T bsearch
00112618 00000020 T calloc
00112638 00000090 T _calloc_r
001126c8 00000120 T _fclose_r
001127e8 00000018 T fclose
00112800 00000230 T __sflush_r
00112a30 00000090 T _fflush_r
00112ac0 00000038 T fflush
00112af8 0000000c T _cleanup_r
00112b04 00000080 t std.isra.0
00112b84 00000048 T __sfmoreglue
00112bcc 0000008c T __sinit
00112c58 0000011c T __sfp
00112d74 0000000c T __sfp_lock_acquire
00112d80 0000000c T __sfp_lock_release
00112d8c 0000003c T __libc_fini_array
00112dc8 0000013c T _fopen_r
00112f04 00000020 T fopen
00112f24 000002ec T _fread_r
00113210 00000038 T fread
00113248 000000f8 T _malloc_trim_r
00113340 000002e4 T _free_r
00113624 00000004 T _fseek_r
00113628 00000028 T fseek
00113650 000004f8 T _fseeko_r
00113b48 00000018 T ftell
00113b60 00000164 T _ftello_r
00113cc4 00000078 T _fwalk
00113d3c 00000080 T _fwalk_reent
00113dbc 0000001c T gmtime
00113dd8 00000210 T gmtime_r
00113fe8 00000078 T __libc_init_array
00114060 00000038 T iprintf
00114098 00000160 T __smakebuf_r
001141f8 00000020 T memalign
00114218 0000015c T _memalign_r
00114374 00000018 T malloc
0011438c 00000018 T free
001143a4 000007a8 T _malloc_r
00114b4c 000000f0 T memcpy
00114c3c 000000f4 T memset
00114d30 0000000c T __malloc_lock
00114d3c 0000000c T __malloc_unlock
00114d48 00000038 T printf
00114d80 0000001c T putchar
00114d9c 000000e8 T _putc_r
00114e84 000000ec T _puts_r
00114f70 00000018 T puts
00114f88 0000001c T srand
00114fa4 00000020 T realloc
00114fc4 000004c0 T _realloc_r
00115484 0000001c t lflush
001154a0 000001d8 T __srefill_r
00115678 000001fc T setvbuf
00115874 00000074 T sscanf
001158e8 00000030 T __sread
00115918 00000008 T __seofread
00115920 00000054 T __swrite
00115974 0000002c T __sseek
001159a0 00000008 T __sclose
001159a8 0000015c T strchr
00115b04 0000005c T strlen
00115b60 000000a4 T strncat
00115c04 000000e0 T strncpy
00115ce4 00002c20 T __ssvfscanf_r
00118904 00000040 T time
00118944 0000161c t get_arg
00119f60 000000a4 t __sprint_r.part.0
0011a004 0000001c T __sprint_r
0011a020 00003464 T _vfiprintf_r
0011d484 000000cc t __sbprintf
0011d550 0000161c t get_arg
0011eb70 00004878 T _vfprintf_r
001233e8 000000cc t __sbprintf
001234b4 00000124 T __swbuf_r
001235d8 0000008c T _wcrtomb_r
00123664 00000020 T _wcsrtombs_r
00123684 00000114 T __utf8_wctomb
00123798 00000148 T __swsetup_r
001238e0 000001bc t quorem
00123aa0 000012c8 T _dtoa_r
00124d68 000000b0 T __sflags
00124e18 00000124 T __fputwc
00124f3c 000000a8 T _fputwc_r
00124fe4 000004a4 T __sfvwrite_r
00125488 00000074 T iswspace
001254fc 00000204 t __jp2uc
00125700 00000084 T _jp2uc
00125784 0000000c T __locale_charset
00125790 00000010 T __locale_mb_cur_max
001257a0 0000000c T _localeconv_r
001257ac 00000098 T _mbrtowc_r
00125844 000002fc T __utf8_mbtowc
00125b40 00000100 T memchr
00125c40 00000128 T memmove
00125d68 0000008c T _Balloc
00125df4 0000001c T _Bfree
00125e10 000000d0 T __multadd
00125ee0 000000e4 T __s2b
00125fc4 0000005c T __hi0bits
00126020 00000098 T __lo0bits
001260b8 00000020 T __i2b
001260d8 000001dc T __multiply
001262b4 00000100 T __pow5mult
001263b4 000000f0 T __lshift
001264a4 00000064 T __mcmp
00126508 00000198 T __mdiff
001266a0 00000078 T __ulp
00126718 000000d4 T __b2d
001267ec 00000104 T __d2b
001268f0 00000078 T __ratio
00126968 0000006c T __copybits
001269d4 00000080 T __any_on
00126a54 000000d0 T __sccl
00126b24 0000000c T nanf
00126b30 00000074 T __fpclassifyd
00126ba8 00000094 T frexp
00126c40 00000068 T sprintf
00126ca8 00000108 T stpncpy
00126db0 0000011c T strncmp
00126ecc 00000058 t sulp
00126f28 0000144c T _strtod_r
00128378 0000025c T _strtoll_r
001285d4 000001d4 T _strtol_r
001287a8 00000264 T _strtoull_r
00128a10 000001d4 T _strtoul_r
00128be4 000001a8 T __ssprint_r
00128d8c 000000f8 T _sungetc_r
00128e84 0000006c T __ssrefill_r
00128ef0 000000c8 T _sfread_r
00128fb8 0000161c t get_arg
0012a5d8 000049fc T _svfprintf_r
0012efd8 000000a8 T __submore
0012f080 00000190 T _wcsnrtombs_r
0012f210 000000ec t rshift
0012f2fc 000007d0 T __gethex
0012facc 00000258 T __hexnan
0012fd24 0000000c T __errno
0012fd30 0000005c T strnlen
0012fd8c 00000044 T strrchr
0012fdd0 T _fini
00130000 R characters_png
00139541 R characters_png_end
00139544 R characters_png_size
00139548 R vshader_shbin
0013966c R vshader_shbin_end
0013966c R vshader_shbin_size
00139670 0000001c r ADAM7_DX
0013968c 0000001c r ADAM7_IX
001396a8 0000001c r ADAM7_DY
001396c4 0000001c r ADAM7_IY
001396e0 00000078 r DISTANCEEXTRA
00139758 00000074 r LENGTHEXTRA
001397cc 00000074 r LENGTHBASE
00139840 00000078 r DISTANCEBASE
001398b8 0000004c r CLCL_ORDER
00139904 0000001c r CSWTCH.136
00139920 00000400 r lodepng_crc32_table
00139d20 00000178 r CSWTCH.333
00139e98 00000010 R lodepng_default_decompress_settings
00139ea8 00000024 R lodepng_default_compress_settings
00139ecc 00000060 r elements.12174
00139f2c 00000003 r parm.11515
00139f30 00000004 r CSWTCH.7
00139f34 00000005 r colorFmtSizes
00139f3c 00000004 r depthFmtSizes
00139f40 00000038 r CSWTCH.2
00139f78 00000068 r dotab_3dmoo
00139fe0 00000068 r dotab_stdout
0013a048 00000068 r dotab_null
0013a0b0 00000030 r colorTable
0013a0e0 00000014 r CSWTCH.21
0013a0f4 00000008 r framebufferInfoSt
0013a0fc 00000024 r CSWTCH.14
0013a120 0000000c r __apt_servicenames
0013a12c R default_font_bin
0013a92c R default_font_bin_end
0013a92c R default_font_bin_size
0013a930 00000030 r error_table
0013a960 00000068 R dotab_stdnull
0013a9c8 00000003 R DIRECTORY_PARENT
0013a9cc 00000002 R DIRECTORY_THIS
0013a9d0 00000002 R DIRECTORY_SEPARATOR
0013abe8 r .LC2
0013beb0 00000004 R _global_impure_ptr
0013beb4 00000060 R __month_lengths
0013bf14 00000022 r basefix.7044
0013bf40 00000010 r blanks.7115
0013bf80 00000010 r zeroes.7116
0013bf90 00000010 r zeroes.7138
0013bfb0 00000010 r blanks.7137
0013bfc0 00000101 R _ctype_
0013c0d4 000000bc r a1
0013c190 000000bc r a2
0013c24c 0000005b r a3
0013c2a8 00000070 r a6
0013c318 000000a2 r a7
0013c3bc 00000040 r a8
0013c410 0000172a r b02cf
0013db3c 00001a7c r d02f4
0013f6d0 000000c8 R __mprec_tens
0013f798 0000000c r p05.5412
0013f7a8 00000028 R __mprec_bigtens
0013f7d0 00000014 r fpinan.5417
0013f7f4 00000014 r fpi.5381
0013f808 00000028 r tinytens
0013f830 0000006c R __state_table
0013f89c 00000100 R __chclass
0013f99c 0000006c R __action_table
0013fa08 00000010 r blanks.7122
0013fa18 00000010 r zeroes.7123
0013fa28 00000100 R __hexdig
0013fb30 r __EH_FRAME_BEGIN__
0013fb30 R __exidx_end
0013fb30 R __exidx_start
00140000 00000040 D images
00140040 00000005 D name
00140048 00000004 D mp
0014004c 00000004 D hp
00140050 0000004c D defaultConsole
0014009c 00000004 D currentConsole
001400a0 00000001 d firstConsoleInit.6489
001400a4 00000001 d topFormat
001400a5 00000001 d botFormat
001400a8 00000008 d doubleBuf
001400b0 W __stacksize__
001400b8 00000401 d __cwd
001404c0 00000018 d sdmcArchive
001404d8 00000068 d sdmc_devoptab
00140540 00000004 d defaultDevice
00140544 00000040 D devoptab_list
00140584 00001000 d _current_working_directory
00141584 0000000c d __stdin_handle
00141590 0000000c d __stdout_handle
0014159c 0000000c d __stderr_handle
001415a8 00000004 d __hndl_lock
001415ac 00001000 d handles
001425ac 0000000c d __sfp_lock
001425b8 0000000c d __sinit_lock
001425c8 00000440 d impure_data
00142a08 00000004 D _impure_ptr
00142a0c 00000408 D __malloc_av_
00142e14 00000004 D __malloc_trim_threshold
00142e18 00000004 D __malloc_sbrk_base
00142e1c 0000000c d __malloc_lock_object
00142e28 00000004 D __wctomb
00142e2c 00000004 D __ctype_ptr__
00142e30 00000038 d lconv
00142e68 00000020 d lc_ctype_charset
00142e88 00000004 D __mb_cur_max
00142e8c 00000004 D __mbtowc
00142e90 t __frame_dummy_init_array_entry
00142e90 T __init_array_start
00142e90 d __JCR_LIST__
00142e90 B __preinit_array_end
00142e90 B __preinit_array_start
00142e90 D __tdata_lma
00142e90 D __tdata_lma_end
00142e90 D __TMC_END__
00142e90 d __TMC_LIST__
00142e94 t __do_global_dtors_aux_fini_array_entry
00142e94 T __fini_array_start
00142e94 T __init_array_end
00142e98 T __bss_start__
00142e98 T __fini_array_end
00142e98 b completed.6505
00142e9c b object.6510
00142eb4 00000004 b vshader_dvlb
00142eb8 00000014 b program
00142ecc 00000004 b uLoc_projection
00142ed0 00000040 b projection
00142f10 00000010 b spritesheet_tex
00142f20 0000000c b hookCookie
00142f2c 00000001 b queuedCount
00142f30 00000004 b transferQueue
00142f34 00000004 b clearQueue
00142f38 00000001 b inSafeTransfer
00142f3c 0000000c b linkedTarget
00142f48 0000004c b temp.12170
00142f94 00000001 b inSafeClear
00142f95 00000001 b queueSwap
00142f98 00000020 b queuedFrame
00142fb8 00000001 b queuedState
00142fb9 00000001 b inFrame
00142fbc 00000004 b lastTarget
00142fc0 00000004 b firstTarget
00142fc4 00000018 b C3Di_ShaderFVecData
00142fdc 000000c0 b C3Di_FVUnifEverDirty
0014309c 00000008 b C3Di_IVUnifEverDirty
001430a4 00000008 b sLinearPool
001430ac 0000000c b sAddrMap
001430b8 00000008 b sVramPool
001430c0 0000000c b sAddrMap
001430cc 00000001 b enable3d
001430d0 00000004 b screenFree
001430d4 00000002 b currentBuffer
001430d8 00000001 V __ctru_speedup
001430dc 00000004 b srvRefCount
001430e0 00000004 b srvHandle
001430e4 00000004 b __apt_servicestr
001430e8 0000000c b aptFirstHook
001430f4 00000001 B aptStatus
001430f8 00000004 b aptRefCount
001430fc 00000002 b __apt_launchapplet_appID
00143100 00000020 b __ns_capinfo
00143120 00000001 B aptStatusBeforeSleep
00143124 00000004 b __apt_launchapplet_parambuf
00143128 00000004 b __apt_launchapplet_parambufsize
0014312c 00000004 b __apt_new3dsflag_initialized
00143130 00000001 b __apt_new3dsflag
00143134 00000004 b __apt_launchapplet_inhandle
00143138 00000004 b csndHandle
0014313c 00000004 b csndRefCount
00143140 00000004 b csndMutex
00143144 00000004 b csndSharedMemBlock
00143148 00000004 b csndCmdCurOff
0014314c 00000004 b csndCmdStartOff
00143150 00000004 b gspEvent
00143154 00000004 b gspEventData
00143158 00000004 b gspRefCount
0014315c 00000004 b hidRefCount
00143160 00000004 b kOld
00143164 00000004 b kHeld
00143168 00000004 b cPos
0014316c 00000004 b tPos
00143170 00000006 b aVec
00143178 00000006 b gRate
00143180 00000004 b kDown
00143184 00000004 b kUp
00143188 00000004 b irrstRefCount
0014318c 00000004 b kHeld
00143190 00000004 b csPos
00143194 00000004 b ptmSysmRefCount
00143198 00000004 b ptmSysmHandle
0014319c b saved_stack
001431a4 00000008 b sMappablePool
001431ac 0000000c b sAddrMap
001431b8 00000004 b arbiter
001431bc 00000001 b sdmcInitialised
001431c0 00000004 b fsuRefCount
001431c4 00000004 b fsuHandle
001431c8 00000004 b heap_start.5704
001431cc 00000004 B fake_heap_start
001431d0 00000004 B fake_heap_end
001431d4 00001000 b temp_cwd
001441d4 00000038 B __syscalls
0014420c 00000004 B __malloc_max_total_mem
00144210 00000004 B __malloc_max_sbrked_mem
00144214 00000004 B __malloc_top_pad
00144218 00000028 B __malloc_current_mallinfo
00144240 00000004 B buffer
00144244 00000004 B size
00144248 00000004 B timeStruct
0014424c 00000014 B player
00144260 00000004 B stSec
00144264 00000004 B unixTime
00144268 00000004 B stHr
0014426c 00000004 B stMin
00144270 00000278 B __C3D_Context
001444e8 00000020 B C3D_IVUnif
00144508 000000c0 B C3D_FVUnifDirty
001445c8 00000002 B C3D_BoolUnifsDirty
001445cc 00000008 B C3D_IVUnifDirty
001445d4 00000004 B C3D_BoolUnifs
001445d8 00000c00 B C3D_FVUnif
001451d8 0000004c B currentCopy
00145224 00000008 B gfxBottomFramebuffers
0014522c 00000004 B gspSharedMemHandle
00145230 0000001c B bottomFramebufferInfo
0014524c 00000004 B gspEvent
00145250 00000008 B gfxTopLeftFramebuffers
00145258 00000008 B gfxTopRightFramebuffers
00145260 0000001c B topFramebufferInfo
0014527c 00000001 B gfxThreadID
00145280 00000004 B gfxSharedMemory
00145284 00000004 B gpuCmdBuf
00145288 00000004 B gpuCmdBufOffset
0014528c 00000004 B gpuCmdBufSize
00145290 00000004 B gxCmdBuf
00145294 00000004 B aptEventHandlerThread
00145298 00000004 B aptSleepSync
0014529c 00001000 B aptParameters
0014629c 00000004 B aptuHandle
001462a0 0000000c B aptEvents
001462ac 00000004 B aptStatusEvent
001462b0 00000004 B aptStatusPower
001462b4 00000004 B aptStatusMutex
001462b8 00000004 B aptLockHandle
001462bc 00000002 B currentAppId
001462c0 00000004 B csndSharedMemSize
001462c4 00000010 B csndOffsets
001462d4 00000004 B csndChannels
001462d8 00000004 B csndSharedMem
001462dc 00000007 B gspEventCbOneShot
001462e4 0000001c B gspEventCb
00146300 00000004 B gspGpuHandle
00146304 00000004 B gspEventThread
00146308 0000001c B gspEventCounts
00146324 0000001c B gspEvents
00146340 00000001 B gspRunEvents
00146344 0000001c B gspEventCbData
00146360 00000004 B hidMemHandle
00146364 00000004 B hidHandle
00146368 00000004 B hidSharedMem
0014636c 00000014 B hidEvents
00146380 00000004 B irrstHandle
00146384 00000004 B irrstEvent
00146388 00000004 B irrstMemHandle
0014638c 00000004 B irrstSharedMem
00146390 00000004 B __ctru_heap_size
00146394 00000004 B __ctru_linear_heap
00146398 00000004 B __ctru_heap
0014639c 00000004 B __ctru_linear_heap_size
001463a0 00000004 B __system_argv
001463a4 00000004 B __system_argc
001463a8 00000004 B __system_retAddr
001463ac B __tls_start
001497b8 B __bss_end__
001497b8 A __end__
001497b8 B __tls_end
