         w __deregister_frame_info
         w __register_frame_info
         w _ITM_deregisterTMCloneTable
         w _ITM_registerTMCloneTable
         w _Jv_RegisterClasses
00000000 b .LANCHOR1
00000000 b _TLS_MODULE_BASE_
00000000 a shift
00000000 a shift
00000000 00002000 b tmp_buffer.6528
00001ff8 b .LANCHOR2
00002000 00000401 b __fixedpath
00002404 00000802 b __utf16path
00002c08 00000802 b __utf16path_old.6599
00100000 T __start__
00100000 T _start
00100008 T __service_ptr
0010000c T __apt_appid
00100010 T __heap_size
00100014 T __linear_heap_size
00100018 T __system_arglist
0010001c T __system_runflags
00100020 t startup
00100058 t ClearMem
0010006c t ClrLoop
00100094 T _init
001000ac t deregister_tm_clones
001000dc t register_tm_clones
00100114 t __do_global_dtors_aux
00100158 t frame_dummy
001001b4 T initSystem
001001f8 T __ctru_exit
00100218 t .udivsi3_skip_div0_test
00100218 T __aeabi_uidiv
00100218 000001ec T __udivsi3
00100404 00000020 T __aeabi_uidivmod
00100424 T __aeabi_idiv
00100424 00000220 T __divsi3
0010042c t .divsi3_skip_div0_test
00100644 00000020 T __aeabi_idivmod
00100664 00000004 W __aeabi_idiv0
00100664 00000004 W __aeabi_ldiv0
00100688 00000390 T strcmp
00100a20 00000008 t null_write
00100a28 00000018 T setDefaultDevice
00100a40 000000bc T FindDevice
00100afc 0000002c T RemoveDevice
00100b28 00000098 T AddDevice
00100bc0 00000024 T GetDeviceOpTab
00100be4 0000007c T _close_r
00100c60 0000006c T _fstat_r
00100ccc 0000002c T _gettimeofday_r
00100cf8 00000008 T _isatty_r
00100d00 00000078 T _lseek_r
00100d78 00000078 T _read_r
00100df0 00000070 T _sbrk_r
00100e60 00000078 T _write_r
00100ed8 000001bc T _concatenate_path
00101094 00000154 T chdir
001011e8 000000a0 T getcwd
00101288 00000008 T __flockfile
00101290 00000008 T __funlockfile
00101298 00000018 T __libc_lock_init
001012b0 00000018 T __libc_lock_acquire
001012c8 00000024 T __libc_lock_try_acquire
001012ec 00000018 T __libc_lock_release
00101304 00000018 T __libc_lock_close
0010131c 00000018 T __libc_lock_init_recursive
00101334 00000018 T __libc_lock_acquire_recursive
0010134c 00000024 T __libc_lock_try_acquire_recursive
00101370 00000018 T __libc_lock_release_recursive
00101388 00000018 T __libc_lock_close_recursive
001013a0 00000044 T __free_handle
001013e4 0000003c T __release_handle
00101420 00000078 T __alloc_handle
00101498 0000001c T __get_handle
001014b4 000000a4 T dup
00101558 0000010c T dup2
00101664 00000028 T __getreent
0010168c T __aeabi_uldivmod
001016c8 00000128 T __udivmoddi4
001017f0 00000038 t setBitOfReversedStream
00101828 000000a0 t checkColorValidity
001018c8 0000004c t addColorBits
00101914 00000060 t color_tree_get
00101974 000003a0 t getPixelColorRGBA8
00101d14 00000578 t getPixelColorsRGBA8
0010228c 000001b0 t getPixelColorRGBA16
0010243c 000001ac t Adam7_getpassvalues
001025e8 000003ac t unfilter
00102994 00000090 t removePaddingBits
00102a24 000000b4 t color_tree_add
00102ad8 00000024 t HuffmanTree_cleanup
00102afc 00000060 t LodePNGText_cleanup
00102b5c 00000090 t LodePNGIText_cleanup
00102bec 00000030 t color_tree_cleanup
00102c1c 00000060 t string_set
00102c7c 000000d0 t lodepng_color_mode_equal
00102d4c 0000005c t ucvector_reserve.isra.7
00102d4c 0000005c t uivector_reserve.isra.10
00102da8 00000038 t ucvector_push_back
00102de0 00000058 t uivector_resizev.constprop.22
00102e38 0000034c t HuffmanTree_makeFromLengths2
00103184 0000006c t HuffmanTree_makeFromLengths
001031f0 000000a4 t generateFixedLitLenTree
00103294 00000060 t generateFixedDistanceTree
001032f4 00000b20 t lodepng_inflatev.isra.12
00103e14 000001b4 T lodepng_zlib_decompress
00103fc8 0000002c t zlib_decompress
00103ff4 0000006c T lodepng_chunk_type_equals
00104060 000000a4 T lodepng_chunk_check_crc
00104104 000000b0 T lodepng_chunk_append
001041b4 000000ac T lodepng_color_mode_copy
00104260 00000104 T lodepng_add_text
00104364 000001f4 T lodepng_add_itext
00104558 0000008c T lodepng_info_init
001045e4 00000050 T lodepng_info_cleanup
00104634 000004f8 T lodepng_convert
00104b2c 00000254 T lodepng_inspect
00104d80 0000174c t decodeGeneric
001064cc 0000013c T lodepng_decode
00106608 000000b8 T lodepng_state_init
001066c0 00000030 T lodepng_state_cleanup
001066f0 00000068 T lodepng_decode_memory
00106758 00000028 T lodepng_decode32
00106780 00000174 T drawSprite
001068f4 00000480 T main
00106d74 00000028 T AttrInfo_Init
00106d9c 000000a4 T AttrInfo_AddLoader
00106e40 00000024 T C3D_GetAttrInfo
00106e64 00000080 T C3Di_AttrInfoBind
00106ee4 00000088 t C3Di_AptEventHook
00106f6c 00000168 T C3D_Init
001070d4 00000098 T C3D_SetViewport
0010716c 00000580 T C3Di_UpdateContext
001076ec 000000e0 T C3Di_FinalizeFrame
001077cc 00000048 T C3D_Fini
00107814 000000d4 T C3D_BindProgram
001078e8 00000020 T BufInfo_Init
00107908 00000024 T C3D_GetBufInfo
0010792c 00000048 T C3Di_BufInfoBind
00107974 0000003c T C3D_DepthMap
001079b0 0000001c T C3D_CullFace
001079cc 0000003c T C3D_StencilTest
00107a08 00000024 T C3D_StencilOp
00107a2c 0000001c T C3D_BlendingColor
00107a48 00000028 T C3D_DepthTest
00107a70 00000028 T C3D_AlphaTest
00107a98 00000050 T C3D_AlphaBlend
00107ae8 00000030 T C3D_FragOpMode
00107b18 0000011c T C3Di_EffectBind
00107c34 000000b8 T C3D_ImmDrawBegin
00107cec 000000b4 T C3D_ImmSendAttrib
00107da0 00000074 T C3D_ImmDrawEnd
00107e14 000000a4 T C3D_RenderBufInit
00107eb8 00000080 T C3D_RenderBufClearAsync
00107f38 00000028 T C3D_RenderBufTransferAsync
00107f60 00000038 T C3D_RenderBufBind
00107f98 00000168 T C3Di_RenderBufBind
00108100 00000018 T C3D_RenderBufDelete
00108118 00000040 t C3Di_RenderQueueWaitDone
00108158 00000078 t performTransfer.part.0
001081d0 00000050 t transferTarget
00108220 00000024 t onVBlank1
00108244 0000008c t onVBlank0
001082d0 0000003c t performClear.part.2
0010830c 0000004c t clearTarget
00108358 000000c0 t updateFrameQueue.part.4
00108418 000000e0 t onRenderFinish
001084f8 00000018 t onClearDone.part.6
001084f8 00000018 t onTransferFinish.part.5
00108510 000000b0 t onTransferFinish
001085c0 00000064 t onClearDone
00108624 0000005c t checkRenderQueueInit.part.7
00108680 00000064 T C3D_FrameBegin
001086e4 00000078 T C3D_FrameDrawOn
0010875c 000000d0 T C3D_FrameEnd
0010882c 000000e0 T C3D_RenderTargetCreate
0010890c 0000007c T C3D_RenderTargetDelete
00108988 00000084 t C3Di_RenderQueueExit
00108a0c 00000050 T C3D_RenderTargetSetClear
00108a5c 00000058 T C3D_RenderTargetSetOutput
00108ab4 00000088 T C3D_SafeDisplayTransfer
00108b3c 00000034 T TexEnv_Init
00108b70 00000034 T C3D_GetTexEnv
00108ba4 00000024 T C3Di_TexEnvBind
00108bc8 000000b8 T C3D_TexInit
00108c80 000000b8 T C3D_TexInitVRAM
00108d38 00000024 T C3D_TexSetFilter
00108d5c 00000034 T C3D_TexBind
00108d90 0000003c T C3D_TexDelete
00108dcc 000002ac T C3D_UpdateUniforms
00109078 000000c0 T C3Di_DirtyUniforms
00109138 000000e4 T C3Di_LoadShaderUniforms
0010921c 00000028 T C3Di_ClearShaderUniforms
00109244 000000c8 T Mtx_OrthoTilt
0010930c 00000024 t addrMapNodeComparator(rbtree_node const*, rbtree_node const*)
00109330 00000004 t addrMapNodeDestructor(rbtree_node*)
00109334 00000140 T linearMemAlign
00109474 00000008 T linearAlloc
0010947c 00000050 T linearFree
001094cc 000000a0 T MemPool::CoalesceRight(MemBlock*)
0010956c 0000018c T MemPool::Allocate(MemChunk&, unsigned long, int)
001096f8 00000104 T MemPool::Deallocate(MemChunk const&)
001097fc 00000024 t addrMapNodeComparator(rbtree_node const*, rbtree_node const*)
00109820 00000004 t addrMapNodeDestructor(rbtree_node*)
00109824 00000130 T vramMemAlign
00109954 00000008 T vramAlloc
0010995c 00000050 T vramFree
001099ac 0000001c T debug_write
001099c8 000001ac T consoleDrawChar
00109b74 00000128 T consolePrintChar
00109c9c 00000184 t consoleCls
00109e20 000000f8 T consoleInit
00109f18 00000138 t consoleClearLine
0010a050 000000c0 t newRow
0010a110 0000086c T con_write
0010a97c 0000008c t gfxSetFramebufferInfo.part.0
0010aa08 00000010 T gfxIs3D
0010aa18 00000018 T gfxSetScreenFormat
0010aa30 00000014 T gfxSetDoubleBuffering
0010aa44 00000070 T gfxSetFramebufferInfo
0010aab4 00000088 T gfxWriteFramebufferInfo
0010ab3c 000001d0 T gfxInit
0010ad0c 00000010 T gfxInitDefault
0010ad1c 000000e0 T gfxExit
0010adfc 000000b0 T gfxGetFramebuffer
0010aeac 000000cc T gfxFlushBuffers
0010af78 00000070 T gfxConfigScreen
0010afe8 00000020 T gfxSwapBuffersGpu
0010b008 00000058 t getSysTime
0010b060 0000004c T osConvertVirtToPhys
0010b0ac 00000024 T osGetMemRegionUsed
0010b0d0 000000f4 T __libctru_gtod
0010b1c8 00000034 T __ctru_speedup_config
0010b1fc 0000002c T GPUCMD_SetBuffer
0010b228 00000040 T GPUCMD_GetBuffer
0010b268 000000e4 T GPUCMD_Add
0010b34c 00000098 T GPUCMD_Finalize
0010b3e4 00000040 T f32tof24
0010b424 00000040 T f32tof31
0010b464 00000054 T GX_ProcessCommandList
0010b4b8 00000060 T GX_MemoryFill
0010b518 00000050 T GX_DisplayTransfer
0010b568 00000054 T GX_FlushCacheRegions
0010b5bc 00000048 t GPU_SetShaderOutmap
0010b604 000000b8 t GPU_SendShaderCode.constprop.0
0010b6bc 00000070 t GPU_SendOperandDescriptors.constprop.1
0010b72c 0000023c T shaderInstanceInit
0010b968 00000038 T shaderInstanceFree
0010b9a0 00000018 T shaderInstanceGetUniformLocation
0010b9b8 00000018 T shaderProgramInit
0010b9d0 00000030 T shaderProgramFree
0010ba00 0000006c T shaderProgramSetVsh
0010ba6c 00000340 T shaderProgramConfigure
0010bdac 0000003c T DVLB_Free
0010bde8 00000080 T DVLE_GetUniformRegister
0010be68 00000198 T DVLE_GenerateOutmap
0010c000 00000198 T DVLB_ParseFile
0010c198 00000068 t __apt_initservicehandle
0010c200 00000004 W _aptDebug
0010c204 00000028 T aptWaitStatusEvent
0010c22c 00000034 T aptHook
0010c260 0000002c T aptUnhook
0010c28c 0000006c T aptSetStatus
0010c2f8 00000048 T APT_GetLockHandle
0010c340 00000060 T APT_Initialize
0010c3a0 00000034 T APT_Finalize
0010c3d4 00000048 T APT_InquireNotification
0010c41c 00000034 T APT_PrepareToJumpToApplication
0010c450 00000050 T APT_JumpToApplication
0010c4a0 0000007c T APT_AppletUtility
0010c51c 00000188 T aptAppletUtility_Exit_RetToApp
0010c6a4 00000114 t aptAppStarted
0010c7b8 00000298 T aptInit
0010ca50 0000006c T APT_ReceiveParameter
0010cabc 00000038 T APT_ReplySleepQuery
0010caf4 00000034 T APT_ReplySleepNotificationComplete
0010cb28 000003f4 T aptEventHandler
0010cf1c 00000034 T APT_PrepareToCloseApplication
0010cf50 00000050 T APT_CloseApplication
0010cfa0 000002d0 T aptExit
0010d270 0000006c T APT_CheckNew3DS_System
0010d2dc 0000008c T APT_CheckNew3DS
0010d368 00000124 t gspEventThreadMain
0010d48c 00000074 T gspInit
0010d500 0000003c T gspExit
0010d53c 00000034 T gspSetEventCallback
0010d570 000000d0 T gspInitEventHandler
0010d640 0000005c T gspExitEventHandler
0010d69c 00000058 T gspWaitForEvent
0010d6f4 00000058 T gspWaitForAnyEvent
0010d74c 00000128 T gspSubmitGxCommand
0010d874 0000006c T GSPGPU_SetBufferSwap
0010d8e0 0000004c T GSPGPU_FlushDataCache
0010d92c 00000034 T GSPGPU_SetLcdForceBlack
0010d960 00000064 T GSPGPU_RegisterInterruptRelayQueue
0010d9c4 0000002c T GSPGPU_UnregisterInterruptRelayQueue
0010d9f0 00000048 T GSPGPU_AcquireRight
0010da38 0000002c T GSPGPU_ReleaseRight
0010da64 0000002c T GSPGPU_RestoreVramSysArea
0010da90 000000d8 T hidExit
0010db68 00000238 T hidScanInput
0010dda0 00000010 T hidKeysHeld
0010ddb0 00000090 T HIDUSER_GetHandles
0010de40 00000184 T hidInit
0010dfc4 000000b0 T irrstScanInput
0010e074 0000001c T irrstKeysHeld
0010e090 00000050 T IRRST_GetHandles
0010e0e0 00000148 T irrstInit
0010e228 0000002c T IRRST_Shutdown
0010e254 000000b0 T irrstExit
0010e304 00000070 T ptmSysmInit
0010e374 00000034 T ptmSysmExit
0010e3a8 00000034 T PTMSYSM_ConfigureNew3DSCPU
0010e3dc 00000070 T rbtree_find
0010e44c 00000014 T rbtree_init
0010e460 000001d4 t do_insert
0010e634 00000008 T rbtree_insert
0010e63c 0000035c T rbtree_remove
0010e998 000000ac T rbtree_rotate
0010ea44 00000058 t osGetMemRegionSize
0010ea9c 00000124 W __system_allocateHeaps
0010ebc0 000000f4 T __system_initArgv
0010ecb4 00000038 W __libctru_init
0010ecec 00000030 t __ctru_get_reent
0010ed1c 000000e8 T __system_initSyscalls
0010ee04 T svcControlMemory
0010ee24 T svcExitProcess
0010ee2c T svcCreateThread
0010ee4c T svcExitThread
0010ee54 T svcCreateEvent
0010ee68 T svcSignalEvent
0010ee70 T svcClearEvent
0010ee78 T svcMapMemoryBlock
0010ee80 T svcUnmapMemoryBlock
0010ee88 T svcCreateAddressArbiter
0010ee9c T svcArbitrateAddress
0010eeb4 T svcCloseHandle
0010eebc T svcWaitSynchronization
0010eec4 T svcWaitSynchronizationN
0010eeec T svcDuplicateHandle
0010ef00 T svcGetSystemTick
0010ef08 T svcGetSystemInfo
0010ef20 T svcConnectToPort
0010ef34 T svcSendSyncRequest
0010ef3c T svcBreak
0010ef44 T svcOutputDebugString
0010ef4c 00000024 t addrMapNodeComparator(rbtree_node const*, rbtree_node const*)
0010ef70 00000004 t addrMapNodeDestructor(rbtree_node*)
0010ef74 000000f4 T mappableAlloc
0010f068 00000050 T mappableFree
0010f0b8 00000094 T envGetHandle
0010f14c 0000004c T envDestroyHandles
0010f198 00000050 T srvExit
0010f1e8 00000038 T srvRegisterClient
0010f220 00000070 T srvInit
0010f290 00000068 T srvGetServiceHandleDirect
0010f2f8 00000038 T srvGetServiceHandle
0010f330 00000034 t LightLock_Unlock.part.1
0010f364 0000000c T __sync_init
0010f370 00000018 T __sync_fini
0010f388 00000018 T LightLock_Init
0010f3a0 00000094 T LightLock_Lock
0010f434 00000034 T LightLock_TryLock
0010f468 00000020 T LightLock_Unlock
0010f488 00000024 T RecursiveLock_Init
0010f4ac 00000030 T RecursiveLock_Lock
0010f4dc 00000058 T RecursiveLock_TryLock
0010f534 00000038 T RecursiveLock_Unlock
0010f56c 000001c8 T threadCreate
0010f734 00000024 T threadJoin
0010f758 0000006c T threadExit
0010f7c4 0000003c t _thread_begin
0010f800 0000008c T rbtree_node_next
0010f88c 0000001c W __appExit
0010f8a8 0000001c W __appInit
0010f8c4 000000a4 W __libctru_exit
0010f968 00000010 t sdmc_link
0010f978 00000010 t sdmc_dirreset
0010f988 00000010 t sdmc_chmod
0010f998 00000010 t sdmc_fchmod
0010f9a8 00000024 t error_cmp
0010f9cc 00000050 t sdmc_translate_error
0010fa1c 00000034 t sdmc_fsync
0010fa50 00000054 t sdmc_ftruncate
0010faa4 000000ac t sdmc_statvfs
0010fb50 00000038 t sdmc_dirclose
0010fb88 000000e0 t sdmc_dirnext
0010fc68 00000034 t sdmc_close
0010fc9c 00000074 t sdmc_fstat
0010fd10 000000c0 t sdmc_seek
0010fdd0 0000008c t sdmc_read
0010fe5c 00000108 t sdmc_write
0010ff64 000001b4 t sdmc_utf16path
00110118 00000080 t sdmc_rmdir
00110198 0000009c t sdmc_diropen
00110234 000000a8 t sdmc_chdir
001102dc 00000084 t sdmc_mkdir
00110360 00000138 t sdmc_rename
00110498 00000080 t sdmc_unlink
00110518 00000120 t sdmc_stat
00110638 000001ac t sdmc_open
001107e4 00000134 T sdmcInit
00110918 00000050 T sdmcExit
00110968 000000c8 T fsInit
00110a30 00000034 T fsExit
00110a64 000000dc T FSUSER_OpenFile
00110b40 000000b8 T FSUSER_DeleteFile
00110bf8 000000f4 T FSUSER_RenameFile
00110cec 000000b8 T FSUSER_DeleteDirectory
00110da4 000000d0 T FSUSER_CreateFile
00110e74 000000c0 T FSUSER_CreateDirectory
00110f34 000000f4 T FSUSER_RenameDirectory
00111028 000000c4 T FSUSER_OpenDirectory
001110ec 000000bc T FSUSER_OpenArchive
001111a8 00000088 T FSUSER_CloseArchive
00111230 0000008c T FSUSER_GetSdmcArchiveResource
001112bc 00000064 T FSUSER_IsSdmcWritable
00111320 0000005c T FSFILE_Read
0011137c 00000064 T FSFILE_Write
001113e0 0000003c T FSFILE_GetSize
0011141c 0000002c T FSFILE_SetSize
00111448 0000003c T FSFILE_Close
00111484 00000024 T FSFILE_Flush
001114a8 00000054 T FSDIR_Read
001114fc 0000003c T FSDIR_Close
00111538 00000138 T decode_utf8
00111670 000000e4 T utf16_to_utf8
00111754 000000bc T utf8_to_utf16
00111810 T __aeabi_read_tp
0011181c 00000060 T decode_utf16
0011187c 00000068 T encode_utf16
001118e4 00000104 T encode_utf8
001119e8 00000078 T bsearch
00111a60 00000020 T calloc
00111a80 00000090 T _calloc_r
00111b10 00000120 T _fclose_r
00111c30 00000230 T __sflush_r
00111e60 00000090 T _fflush_r
00111ef0 0000000c T _cleanup_r
00111efc 00000080 t std.isra.0
00111f7c 0000008c T __sinit
00112008 0000000c T __sfp_lock_acquire
00112014 0000000c T __sfp_lock_release
00112020 0000003c T __libc_fini_array
0011205c 000000f8 T _malloc_trim_r
00112154 000002e4 T _free_r
00112438 00000080 T _fwalk_reent
001124b8 00000078 T __libc_init_array
00112530 00000160 T __smakebuf_r
00112690 00000020 T memalign
001126b0 0000015c T _memalign_r
0011280c 00000018 T malloc
00112824 00000018 T free
0011283c 000007a8 T _malloc_r
00112fe4 000000f0 T memcpy
001130d4 000000f4 T memset
001131c8 0000000c T __malloc_lock
001131d4 0000000c T __malloc_unlock
001131e0 00000038 T printf
00113218 0000001c T srand
00113234 00000020 T realloc
00113254 000004c0 T _realloc_r
00113714 000001fc T setvbuf
00113910 00000074 T sscanf
00113984 00000030 T __sread
001139b4 00000008 T __seofread
001139bc 00000054 T __swrite
00113a10 0000002c T __sseek
00113a3c 00000008 T __sclose
00113a44 0000015c T strchr
00113ba0 0000005c T strlen
00113bfc 000000a4 T strncat
00113ca0 000000e0 T strncpy
00113d80 00002c20 T __ssvfscanf_r
001169a0 00000040 T time
001169e0 000000a4 t __sprint_r.part.0
00116a84 0000001c T __sprint_r
00116aa0 0000161c t get_arg
001180c0 00004878 T _vfprintf_r
0011c938 000000cc t __sbprintf
0011ca04 0000008c T _wcrtomb_r
0011ca90 00000020 T _wcsrtombs_r
0011cab0 00000114 T __utf8_wctomb
0011cbc4 00000148 T __swsetup_r
0011cd0c 000001bc t quorem
0011cec8 000012c8 T _dtoa_r
0011e190 00000124 T __fputwc
0011e2b4 000000a8 T _fputwc_r
0011e35c 000004a4 T __sfvwrite_r
0011e800 00000074 T iswspace
0011e874 00000204 t __jp2uc
0011ea78 00000084 T _jp2uc
0011eafc 0000000c T __locale_charset
0011eb08 00000010 T __locale_mb_cur_max
0011eb18 0000000c T _localeconv_r
0011eb24 00000098 T _mbrtowc_r
0011ebbc 000002fc T __utf8_mbtowc
0011eeb8 00000100 T memchr
0011efb8 00000128 T memmove
0011f0e0 0000008c T _Balloc
0011f16c 0000001c T _Bfree
0011f188 000000d0 T __multadd
0011f258 000000e4 T __s2b
0011f33c 0000005c T __hi0bits
0011f398 00000098 T __lo0bits
0011f430 00000020 T __i2b
0011f450 000001dc T __multiply
0011f62c 00000100 T __pow5mult
0011f72c 000000f0 T __lshift
0011f81c 00000064 T __mcmp
0011f880 00000198 T __mdiff
0011fa18 00000078 T __ulp
0011fa90 000000d4 T __b2d
0011fb64 00000104 T __d2b
0011fc68 00000078 T __ratio
0011fce0 0000006c T __copybits
0011fd4c 00000080 T __any_on
0011fdcc 000000d0 T __sccl
0011fe9c 0000000c T nanf
0011fea8 00000074 T __fpclassifyd
0011ff20 00000094 T frexp
0011ffb8 00000068 T sprintf
00120020 00000108 T stpncpy
00120128 0000011c T strncmp
00120244 00000058 t sulp
001202a0 0000144c T _strtod_r
001216f0 0000025c T _strtoll_r
0012194c 000001d4 T _strtol_r
00121b20 00000264 T _strtoull_r
00121d88 000001d4 T _strtoul_r
00121f5c 000001a8 T __ssprint_r
00122104 000000f8 T _sungetc_r
001221fc 0000006c T __ssrefill_r
00122268 000000c8 T _sfread_r
00122330 0000161c t get_arg
00123950 000049fc T _svfprintf_r
00128350 000000a8 T __submore
001283f8 00000124 T __swbuf_r
0012851c 00000190 T _wcsnrtombs_r
001286ac 000000ec t rshift
00128798 000007d0 T __gethex
00128f68 00000258 T __hexnan
001291c0 0000000c T __errno
001291cc 0000005c T strnlen
00129228 00000044 T strrchr
0012926c T _fini
0012a000 R characters_png
00133541 R characters_png_end
00133544 R characters_png_size
00133548 R vshader_shbin
0013366c R vshader_shbin_end
0013366c R vshader_shbin_size
00133670 0000001c r ADAM7_DX
0013368c 0000001c r ADAM7_IX
001336a8 0000001c r ADAM7_DY
001336c4 0000001c r ADAM7_IY
001336e0 00000078 r DISTANCEEXTRA
00133758 00000074 r LENGTHEXTRA
001337cc 00000074 r LENGTHBASE
00133840 00000078 r DISTANCEBASE
001338b8 0000004c r CLCL_ORDER
00133904 0000001c r CSWTCH.136
00133920 00000400 r lodepng_crc32_table
00133d20 00000178 r CSWTCH.333
00133e98 00000010 R lodepng_default_decompress_settings
00133ea8 00000024 R lodepng_default_compress_settings
00133ecc 00000003 r parm.11515
00133ed0 00000004 r CSWTCH.7
00133ed4 00000005 r colorFmtSizes
00133edc 00000004 r depthFmtSizes
00133ee0 00000038 r CSWTCH.2
00133f18 00000068 r dotab_3dmoo
00133f80 00000068 r dotab_stdout
00133fe8 00000068 r dotab_null
00134050 00000030 r colorTable
00134080 00000014 r CSWTCH.21
00134094 00000008 r framebufferInfoSt
0013409c 00000024 r CSWTCH.14
001340c0 0000000c r __apt_servicenames
001340cc R default_font_bin
001348cc R default_font_bin_end
001348cc R default_font_bin_size
001348d0 00000030 r error_table
00134900 00000068 R dotab_stdnull
00134968 00000003 R DIRECTORY_PARENT
0013496c 00000002 R DIRECTORY_THIS
00134970 00000002 R DIRECTORY_SEPARATOR
00135380 r .LC2
00135a04 00000022 r basefix.7044
00135a30 00000010 r zeroes.7138
00135a80 00000010 r blanks.7137
00135a90 00000101 R _ctype_
00135ba4 000000bc r a1
00135c60 000000bc r a2
00135d1c 0000005b r a3
00135d78 00000070 r a6
00135de8 000000a2 r a7
00135e8c 00000040 r a8
00135ee0 0000172a r b02cf
0013760c 00001a7c r d02f4
001391a0 000000c8 R __mprec_tens
00139268 0000000c r p05.5412
00139278 00000028 R __mprec_bigtens
001392a0 00000014 r fpinan.5417
001392c4 00000014 r fpi.5381
001392d8 00000028 r tinytens
00139300 0000006c R __state_table
0013936c 00000100 R __chclass
0013946c 0000006c R __action_table
001394d8 00000010 r blanks.7122
001394e8 00000010 r zeroes.7123
001394f8 00000100 R __hexdig
00139600 r __EH_FRAME_BEGIN__
00139600 R __exidx_end
00139600 R __exidx_start
0013a000 00000040 D images
0013a040 0000004c D defaultConsole
0013a08c 00000004 D currentConsole
0013a090 00000001 d firstConsoleInit.6489
0013a094 00000001 d topFormat
0013a095 00000001 d botFormat
0013a098 00000008 d doubleBuf
0013a0a0 W __stacksize__
0013a0a8 00000401 d __cwd
0013a4b0 00000018 d sdmcArchive
0013a4c8 00000068 d sdmc_devoptab
0013a530 00000004 d defaultDevice
0013a534 00000040 D devoptab_list
0013a574 00001000 d _current_working_directory
0013b574 0000000c d __stdin_handle
0013b580 0000000c d __stdout_handle
0013b58c 0000000c d __stderr_handle
0013b598 00000004 d __hndl_lock
0013b59c 00001000 d handles
0013c59c 0000000c d __sfp_lock
0013c5a8 0000000c d __sinit_lock
0013c5b8 00000440 d impure_data
0013c9f8 00000004 D _impure_ptr
0013c9fc 00000408 D __malloc_av_
0013ce04 00000004 D __malloc_trim_threshold
0013ce08 00000004 D __malloc_sbrk_base
0013ce0c 0000000c d __malloc_lock_object
0013ce18 00000004 D __wctomb
0013ce1c 00000004 D __ctype_ptr__
0013ce20 00000038 d lconv
0013ce58 00000020 d lc_ctype_charset
0013ce78 00000004 D __mb_cur_max
0013ce7c 00000004 D __mbtowc
0013ce80 t __frame_dummy_init_array_entry
0013ce80 T __init_array_start
0013ce80 d __JCR_LIST__
0013ce80 B __preinit_array_end
0013ce80 B __preinit_array_start
0013ce80 D __tdata_lma
0013ce80 D __tdata_lma_end
0013ce80 D __TMC_END__
0013ce80 d __TMC_LIST__
0013ce84 t __do_global_dtors_aux_fini_array_entry
0013ce84 T __fini_array_start
0013ce84 T __init_array_end
0013ce88 T __bss_start__
0013ce88 T __fini_array_end
0013ce88 b completed.6505
0013ce8c b object.6510
0013cea4 00000004 b vshader_dvlb
0013cea8 00000014 b program
0013cebc 00000004 b uLoc_projection
0013cec0 00000040 b projection
0013cf00 00000010 b spritesheet_tex
0013cf10 0000000c b hookCookie
0013cf1c 00000001 b queuedCount
0013cf20 00000004 b transferQueue
0013cf24 00000004 b clearQueue
0013cf28 00000001 b inSafeTransfer
0013cf2c 0000000c b linkedTarget
0013cf38 0000004c b temp.12170
0013cf84 00000001 b inSafeClear
0013cf85 00000001 b queueSwap
0013cf88 00000020 b queuedFrame
0013cfa8 00000001 b queuedState
0013cfa9 00000001 b inFrame
0013cfac 00000004 b lastTarget
0013cfb0 00000004 b firstTarget
0013cfb4 00000018 b C3Di_ShaderFVecData
0013cfcc 000000c0 b C3Di_FVUnifEverDirty
0013d08c 00000008 b C3Di_IVUnifEverDirty
0013d094 00000008 b sLinearPool
0013d09c 0000000c b sAddrMap
0013d0a8 00000008 b sVramPool
0013d0b0 0000000c b sAddrMap
0013d0bc 00000001 b enable3d
0013d0c0 00000004 b screenFree
0013d0c4 00000002 b currentBuffer
0013d0c8 00000001 V __ctru_speedup
0013d0cc 00000004 b __apt_servicestr
0013d0d0 0000000c b aptFirstHook
0013d0dc 00000001 B aptStatus
0013d0e0 00000004 b aptRefCount
0013d0e4 00000002 b __apt_launchapplet_appID
0013d0e8 00000020 b __ns_capinfo
0013d108 00000001 B aptStatusBeforeSleep
0013d10c 00000004 b __apt_launchapplet_parambuf
0013d110 00000004 b __apt_launchapplet_parambufsize
0013d114 00000004 b __apt_new3dsflag_initialized
0013d118 00000001 b __apt_new3dsflag
0013d11c 00000004 b __apt_launchapplet_inhandle
0013d120 00000004 b gspEvent
0013d124 00000004 b gspEventData
0013d128 00000004 b gspRefCount
0013d12c 00000004 b hidRefCount
0013d130 00000004 b kOld
0013d134 00000004 b kHeld
0013d138 00000004 b cPos
0013d13c 00000004 b tPos
0013d140 00000006 b aVec
0013d148 00000006 b gRate
0013d150 00000004 b kDown
0013d154 00000004 b kUp
0013d158 00000004 b irrstRefCount
0013d15c 00000004 b kHeld
0013d160 00000004 b csPos
0013d164 00000004 b ptmSysmRefCount
0013d168 00000004 b ptmSysmHandle
0013d16c b saved_stack
0013d174 00000008 b sMappablePool
0013d17c 0000000c b sAddrMap
0013d188 00000004 b srvRefCount
0013d18c 00000004 b srvHandle
0013d190 00000004 b arbiter
0013d194 00000001 b sdmcInitialised
0013d198 00000004 b fsuRefCount
0013d19c 00000004 b fsuHandle
0013d1a0 00000004 b heap_start.5704
0013d1a4 00000004 B fake_heap_start
0013d1a8 00000004 B fake_heap_end
0013d1ac 00001000 b temp_cwd
0013e1ac 00000038 B __syscalls
0013e1e4 00000004 B __malloc_max_total_mem
0013e1e8 00000004 B __malloc_max_sbrked_mem
0013e1ec 00000004 B __malloc_top_pad
0013e1f0 00000028 B __malloc_current_mallinfo
0013e218 00000014 B sprites
0013e230 00000278 B __C3D_Context
0013e4a8 00000020 B C3D_IVUnif
0013e4c8 000000c0 B C3D_FVUnifDirty
0013e588 00000002 B C3D_BoolUnifsDirty
0013e58c 00000008 B C3D_IVUnifDirty
0013e594 00000004 B C3D_BoolUnifs
0013e598 00000c00 B C3D_FVUnif
0013f198 0000004c B currentCopy
0013f1e4 00000008 B gfxBottomFramebuffers
0013f1ec 00000004 B gspSharedMemHandle
0013f1f0 0000001c B bottomFramebufferInfo
0013f20c 00000004 B gspEvent
0013f210 00000008 B gfxTopLeftFramebuffers
0013f218 00000008 B gfxTopRightFramebuffers
0013f220 0000001c B topFramebufferInfo
0013f23c 00000001 B gfxThreadID
0013f240 00000004 B gfxSharedMemory
0013f244 00000004 B gpuCmdBuf
0013f248 00000004 B gpuCmdBufOffset
0013f24c 00000004 B gpuCmdBufSize
0013f250 00000004 B gxCmdBuf
0013f254 00000004 B aptEventHandlerThread
0013f258 00000004 B aptSleepSync
0013f25c 00001000 B aptParameters
0014025c 00000004 B aptuHandle
00140260 0000000c B aptEvents
0014026c 00000004 B aptStatusEvent
00140270 00000004 B aptStatusPower
00140274 00000004 B aptStatusMutex
00140278 00000004 B aptLockHandle
0014027c 00000002 B currentAppId
00140280 00000007 B gspEventCbOneShot
00140288 0000001c B gspEventCb
001402a4 00000004 B gspGpuHandle
001402a8 00000004 B gspEventThread
001402ac 0000001c B gspEventCounts
001402c8 0000001c B gspEvents
001402e4 00000001 B gspRunEvents
001402e8 0000001c B gspEventCbData
00140304 00000004 B hidMemHandle
00140308 00000004 B hidHandle
0014030c 00000004 B hidSharedMem
00140310 00000014 B hidEvents
00140324 00000004 B irrstHandle
00140328 00000004 B irrstEvent
0014032c 00000004 B irrstMemHandle
00140330 00000004 B irrstSharedMem
00140334 00000004 B __ctru_heap_size
00140338 00000004 B __ctru_linear_heap
0014033c 00000004 B __ctru_heap
00140340 00000004 B __ctru_linear_heap_size
00140344 00000004 B __system_argv
00140348 00000004 B __system_argc
0014034c 00000004 B __system_retAddr
00140350 B __tls_start
0014375c B __bss_end__
0014375c A __end__
0014375c B __tls_end
